<?xml version="1.0" encoding="UTF-8"?>
<TestRun id="7bcaf82b-be4a-43a7-b65d-211ec9a73484" name="Rogério Augusto@MACBOOKVM 2010-01-31 09:36:19" runUser="MacBookVM\Rogério Augusto" xmlns="http://microsoft.com/schemas/VisualStudio/TeamTest/2010">
  <TestSettings name="Local" id="08443768-adce-4fa3-bb05-8648206f458b">
    <Description>These are default test settings for a local test run.</Description>
    <Deployment enabled="false" runDeploymentRoot="Rogério Augusto_MACBOOKVM 2010-01-31 09_36_19">
      <DeploymentItem filename="C:\Users\Rogério Augusto\Documents\Visual Studio 2010\Projects\Potter\Domain\bin\Debug\Domain.dll" />
    </Deployment>
    <Execution>
      <TestTypeSpecific />
      <AgentRule name="Execution Agents">
      </AgentRule>
    </Execution>
  </TestSettings>
  <Times creation="2010-01-31T09:36:19.8876953-02:00" queuing="2010-01-31T09:36:20.0214844-02:00" start="2010-01-31T09:36:20.5351562-02:00" finish="2010-01-31T09:36:21.7128906-02:00" />
  <ResultSummary outcome="Completed">
    <Counters total="1" executed="1" passed="1" error="0" failed="0" timeout="0" aborted="0" inconclusive="0" passedButRunAborted="0" notRunnable="0" notExecuted="0" disconnected="0" warning="0" completed="0" inProgress="0" pending="0" />
  </ResultSummary>
  <TestDefinitions>
    <UnitTest name="BasketShouldGiveDiscountsGroupingBookSequences" storage="c:\users\rogério augusto\documents\visual studio 2010\projects\potter\potterdomaintest\bin\debug\potterdomaintest.dll" id="1d4125c7-c2a4-c3e0-e417-641788e06690">
      <Execution id="eb439b96-8294-4a44-a4f6-6bf58a9d3aa3" />
      <TestMethod codeBase="C:/Users/Rogério Augusto/documents/visual studio 2010/Projects/Potter/PotterDomainTest/bin/Debug/PotterDomainTest.DLL" adapterTypeName="Microsoft.VisualStudio.TestTools.TestTypes.Unit.UnitTestAdapter, Microsoft.VisualStudio.QualityTools.Tips.UnitTest.Adapter, Version=10.0.0.0, Culture=neutral, PublicKeyToken=b03f5f7f11d50a3a" className="PotterDomainTest.BasketDiscountsTest, PotterDomainTest, Version=1.0.0.0, Culture=neutral, PublicKeyToken=null" name="BasketShouldGiveDiscountsGroupingBookSequences" />
    </UnitTest>
  </TestDefinitions>
  <TestLists>
    <TestList name="Results Not in a List" id="8c84fa94-04c1-424b-9868-57a2d4851a1d" />
    <TestList name="All Loaded Results" id="19431567-8539-422a-85d7-44ee4e166bda" />
  </TestLists>
  <TestEntries>
    <TestEntry testId="1d4125c7-c2a4-c3e0-e417-641788e06690" executionId="eb439b96-8294-4a44-a4f6-6bf58a9d3aa3" testListId="8c84fa94-04c1-424b-9868-57a2d4851a1d" />
  </TestEntries>
  <Results>
    <UnitTestResult executionId="eb439b96-8294-4a44-a4f6-6bf58a9d3aa3" testId="1d4125c7-c2a4-c3e0-e417-641788e06690" testName="BasketShouldGiveDiscountsGroupingBookSequences" computerName="MACBOOKVM" duration="00:00:00.0559776" startTime="2010-01-31T09:36:20.7216797-02:00" endTime="2010-01-31T09:36:21.4853515-02:00" testType="13cdc9d9-ddb5-4fa4-a97d-d965ccfc6d4b" outcome="Passed" testListId="8c84fa94-04c1-424b-9868-57a2d4851a1d" relativeResultsDirectory="eb439b96-8294-4a44-a4f6-6bf58a9d3aa3">
    </UnitTestResult>
  </Results>
</TestRun>