<?xml version="1.0" encoding="UTF-8"?>
<TestRun id="2087dedb-be4b-4f4f-8a3c-e60fe4b2133f" name="Rogério Augusto@MACBOOKVM 2010-01-31 09:12:03" runUser="MacBookVM\Rogério Augusto" xmlns="http://microsoft.com/schemas/VisualStudio/TeamTest/2010">
  <TestSettings name="Local" id="08443768-adce-4fa3-bb05-8648206f458b">
    <Description>These are default test settings for a local test run.</Description>
    <Deployment enabled="false" runDeploymentRoot="Rogério Augusto_MACBOOKVM 2010-01-31 09_12_03">
      <DeploymentItem filename="C:\Users\Rogério Augusto\Documents\Visual Studio 2010\Projects\Potter\Domain\bin\Debug\Domain.dll" />
    </Deployment>
    <Execution>
      <TestTypeSpecific />
      <AgentRule name="Execution Agents">
      </AgentRule>
    </Execution>
  </TestSettings>
  <Times creation="2010-01-31T09:12:03.0771484-02:00" queuing="2010-01-31T09:12:03.1777344-02:00" start="2010-01-31T09:12:03.6318359-02:00" finish="2010-01-31T09:12:04.8164062-02:00" />
  <ResultSummary outcome="Completed">
    <Counters total="1" executed="1" passed="1" error="0" failed="0" timeout="0" aborted="0" inconclusive="0" passedButRunAborted="0" notRunnable="0" notExecuted="0" disconnected="0" warning="0" completed="0" inProgress="0" pending="0" />
  </ResultSummary>
  <TestDefinitions>
    <UnitTest name="OneOrMoreFromTheSameItemShouldNotGetDiscount" storage="c:\users\rogério augusto\documents\visual studio 2010\projects\potter\potterdomaintest\bin\debug\potterdomaintest.dll" id="1f26d5bc-41a7-9a59-f7d2-062a29e879c8">
      <Execution id="2895c29f-dc61-4d89-870d-ea5c646e15b8" />
      <TestMethod codeBase="C:/Users/Rogério Augusto/documents/visual studio 2010/Projects/Potter/PotterDomainTest/bin/Debug/PotterDomainTest.DLL" adapterTypeName="Microsoft.VisualStudio.TestTools.TestTypes.Unit.UnitTestAdapter, Microsoft.VisualStudio.QualityTools.Tips.UnitTest.Adapter, Version=10.0.0.0, Culture=neutral, PublicKeyToken=b03f5f7f11d50a3a" className="PotterDomainTest.BasketDiscountsTest, PotterDomainTest, Version=1.0.0.0, Culture=neutral, PublicKeyToken=null" name="OneOrMoreFromTheSameItemShouldNotGetDiscount" />
    </UnitTest>
  </TestDefinitions>
  <TestLists>
    <TestList name="Results Not in a List" id="8c84fa94-04c1-424b-9868-57a2d4851a1d" />
    <TestList name="All Loaded Results" id="19431567-8539-422a-85d7-44ee4e166bda" />
  </TestLists>
  <TestEntries>
    <TestEntry testId="1f26d5bc-41a7-9a59-f7d2-062a29e879c8" executionId="2895c29f-dc61-4d89-870d-ea5c646e15b8" testListId="8c84fa94-04c1-424b-9868-57a2d4851a1d" />
  </TestEntries>
  <Results>
    <UnitTestResult executionId="2895c29f-dc61-4d89-870d-ea5c646e15b8" testId="1f26d5bc-41a7-9a59-f7d2-062a29e879c8" testName="OneOrMoreFromTheSameItemShouldNotGetDiscount" computerName="MACBOOKVM" duration="00:00:00.0304873" startTime="2010-01-31T09:12:03.8447265-02:00" endTime="2010-01-31T09:12:04.6015625-02:00" testType="13cdc9d9-ddb5-4fa4-a97d-d965ccfc6d4b" outcome="Passed" testListId="8c84fa94-04c1-424b-9868-57a2d4851a1d" relativeResultsDirectory="2895c29f-dc61-4d89-870d-ea5c646e15b8">
    </UnitTestResult>
  </Results>
</TestRun>