<?xml version="1.0" encoding="UTF-8"?>
<TestRun id="3a8e6f99-8eae-4f0f-9494-77cf92058912" name="Rogério Augusto@MACBOOKVM 2010-01-31 09:47:45" runUser="MacBookVM\Rogério Augusto" xmlns="http://microsoft.com/schemas/VisualStudio/TeamTest/2010">
  <TestSettings name="Local" id="08443768-adce-4fa3-bb05-8648206f458b">
    <Description>These are default test settings for a local test run.</Description>
    <Deployment enabled="false" runDeploymentRoot="Rogério Augusto_MACBOOKVM 2010-01-31 09_47_45">
      <DeploymentItem filename="C:\Users\Rogério Augusto\Documents\Visual Studio 2010\Projects\Potter\Domain\bin\Debug\Domain.dll" />
    </Deployment>
    <Execution>
      <TestTypeSpecific />
      <AgentRule name="Execution Agents">
      </AgentRule>
    </Execution>
  </TestSettings>
  <Times creation="2010-01-31T09:47:45.1660156-02:00" queuing="2010-01-31T09:47:45.3398437-02:00" start="2010-01-31T09:47:45.7812500-02:00" finish="2010-01-31T09:47:46.9951172-02:00" />
  <ResultSummary outcome="Completed">
    <Counters total="6" executed="6" passed="6" error="0" failed="0" timeout="0" aborted="0" inconclusive="0" passedButRunAborted="0" notRunnable="0" notExecuted="0" disconnected="0" warning="0" completed="0" inProgress="0" pending="0" />
  </ResultSummary>
  <TestDefinitions>
    <UnitTest name="FourDifferentBooksShouldGiveTwentyPercentDiscount" storage="c:\users\rogério augusto\documents\visual studio 2010\projects\potter\potterdomaintest\bin\debug\potterdomaintest.dll" id="81faae35-56dd-1bd8-ff44-a92ca9ad085e">
      <Execution id="5d45e935-8665-41ba-9ee3-d9d783d6019d" />
      <TestMethod codeBase="C:/Users/Rogério Augusto/documents/visual studio 2010/Projects/Potter/PotterDomainTest/bin/Debug/PotterDomainTest.DLL" adapterTypeName="Microsoft.VisualStudio.TestTools.TestTypes.Unit.UnitTestAdapter, Microsoft.VisualStudio.QualityTools.Tips.UnitTest.Adapter, Version=10.0.0.0, Culture=neutral, PublicKeyToken=b03f5f7f11d50a3a" className="PotterDomainTest.BasketDiscountsTest, PotterDomainTest, Version=1.0.0.0, Culture=neutral, PublicKeyToken=null" name="FourDifferentBooksShouldGiveTwentyPercentDiscount" />
    </UnitTest>
    <UnitTest name="TwoDifferentBooksShouldGiveFivePercentDiscount" storage="c:\users\rogério augusto\documents\visual studio 2010\projects\potter\potterdomaintest\bin\debug\potterdomaintest.dll" id="9f1f1ae2-d2b6-115a-e0de-e08cc832815c">
      <Execution id="0802409b-ac5c-4379-b37d-4c59498e0bbf" />
      <TestMethod codeBase="C:/Users/Rogério Augusto/documents/visual studio 2010/Projects/Potter/PotterDomainTest/bin/Debug/PotterDomainTest.DLL" adapterTypeName="Microsoft.VisualStudio.TestTools.TestTypes.Unit.UnitTestAdapter, Microsoft.VisualStudio.QualityTools.Tips.UnitTest.Adapter, Version=10.0.0.0, Culture=neutral, PublicKeyToken=b03f5f7f11d50a3a" className="PotterDomainTest.BasketDiscountsTest, PotterDomainTest, Version=1.0.0.0, Culture=neutral, PublicKeyToken=null" name="TwoDifferentBooksShouldGiveFivePercentDiscount" />
    </UnitTest>
    <UnitTest name="ThreeDifferentBooksShouldGiveTenPercentDiscount" storage="c:\users\rogério augusto\documents\visual studio 2010\projects\potter\potterdomaintest\bin\debug\potterdomaintest.dll" id="7d0a6d82-27a8-a788-c026-0a8e357f7594">
      <Execution id="df424089-9380-4f03-933e-413040d026fb" />
      <TestMethod codeBase="C:/Users/Rogério Augusto/documents/visual studio 2010/Projects/Potter/PotterDomainTest/bin/Debug/PotterDomainTest.DLL" adapterTypeName="Microsoft.VisualStudio.TestTools.TestTypes.Unit.UnitTestAdapter, Microsoft.VisualStudio.QualityTools.Tips.UnitTest.Adapter, Version=10.0.0.0, Culture=neutral, PublicKeyToken=b03f5f7f11d50a3a" className="PotterDomainTest.BasketDiscountsTest, PotterDomainTest, Version=1.0.0.0, Culture=neutral, PublicKeyToken=null" name="ThreeDifferentBooksShouldGiveTenPercentDiscount" />
    </UnitTest>
    <UnitTest name="BasketShouldGiveDiscountsGroupingBookSequences" storage="c:\users\rogério augusto\documents\visual studio 2010\projects\potter\potterdomaintest\bin\debug\potterdomaintest.dll" id="1d4125c7-c2a4-c3e0-e417-641788e06690">
      <Execution id="af1f894f-05a9-4630-8ba1-2cab42ea234e" />
      <TestMethod codeBase="C:/Users/Rogério Augusto/documents/visual studio 2010/Projects/Potter/PotterDomainTest/bin/Debug/PotterDomainTest.DLL" adapterTypeName="Microsoft.VisualStudio.TestTools.TestTypes.Unit.UnitTestAdapter, Microsoft.VisualStudio.QualityTools.Tips.UnitTest.Adapter, Version=10.0.0.0, Culture=neutral, PublicKeyToken=b03f5f7f11d50a3a" className="PotterDomainTest.BasketDiscountsTest, PotterDomainTest, Version=1.0.0.0, Culture=neutral, PublicKeyToken=null" name="BasketShouldGiveDiscountsGroupingBookSequences" />
    </UnitTest>
    <UnitTest name="FiveDifferentBooksShouldGiveTwentyFivePercentDiscount" storage="c:\users\rogério augusto\documents\visual studio 2010\projects\potter\potterdomaintest\bin\debug\potterdomaintest.dll" id="7f0832ce-c3e3-bdb6-e07d-e44de48f4092">
      <Execution id="7589e9e6-5fa9-4c1b-8dcd-95f458fed511" />
      <TestMethod codeBase="C:/Users/Rogério Augusto/documents/visual studio 2010/Projects/Potter/PotterDomainTest/bin/Debug/PotterDomainTest.DLL" adapterTypeName="Microsoft.VisualStudio.TestTools.TestTypes.Unit.UnitTestAdapter, Microsoft.VisualStudio.QualityTools.Tips.UnitTest.Adapter, Version=10.0.0.0, Culture=neutral, PublicKeyToken=b03f5f7f11d50a3a" className="PotterDomainTest.BasketDiscountsTest, PotterDomainTest, Version=1.0.0.0, Culture=neutral, PublicKeyToken=null" name="FiveDifferentBooksShouldGiveTwentyFivePercentDiscount" />
    </UnitTest>
    <UnitTest name="OneOrMoreFromTheSameItemShouldNotGetDiscount" storage="c:\users\rogério augusto\documents\visual studio 2010\projects\potter\potterdomaintest\bin\debug\potterdomaintest.dll" id="1f26d5bc-41a7-9a59-f7d2-062a29e879c8">
      <Execution id="5ae0c32f-15d6-4b6f-808a-96e6ca3163d4" />
      <TestMethod codeBase="C:/Users/Rogério Augusto/documents/visual studio 2010/Projects/Potter/PotterDomainTest/bin/Debug/PotterDomainTest.DLL" adapterTypeName="Microsoft.VisualStudio.TestTools.TestTypes.Unit.UnitTestAdapter, Microsoft.VisualStudio.QualityTools.Tips.UnitTest.Adapter, Version=10.0.0.0, Culture=neutral, PublicKeyToken=b03f5f7f11d50a3a" className="PotterDomainTest.BasketDiscountsTest, PotterDomainTest, Version=1.0.0.0, Culture=neutral, PublicKeyToken=null" name="OneOrMoreFromTheSameItemShouldNotGetDiscount" />
    </UnitTest>
  </TestDefinitions>
  <TestLists>
    <TestList name="Results Not in a List" id="8c84fa94-04c1-424b-9868-57a2d4851a1d" />
    <TestList name="All Loaded Results" id="19431567-8539-422a-85d7-44ee4e166bda" />
  </TestLists>
  <TestEntries>
    <TestEntry testId="1d4125c7-c2a4-c3e0-e417-641788e06690" executionId="af1f894f-05a9-4630-8ba1-2cab42ea234e" testListId="8c84fa94-04c1-424b-9868-57a2d4851a1d" />
    <TestEntry testId="1f26d5bc-41a7-9a59-f7d2-062a29e879c8" executionId="5ae0c32f-15d6-4b6f-808a-96e6ca3163d4" testListId="8c84fa94-04c1-424b-9868-57a2d4851a1d" />
    <TestEntry testId="7d0a6d82-27a8-a788-c026-0a8e357f7594" executionId="df424089-9380-4f03-933e-413040d026fb" testListId="8c84fa94-04c1-424b-9868-57a2d4851a1d" />
    <TestEntry testId="7f0832ce-c3e3-bdb6-e07d-e44de48f4092" executionId="7589e9e6-5fa9-4c1b-8dcd-95f458fed511" testListId="8c84fa94-04c1-424b-9868-57a2d4851a1d" />
    <TestEntry testId="81faae35-56dd-1bd8-ff44-a92ca9ad085e" executionId="5d45e935-8665-41ba-9ee3-d9d783d6019d" testListId="8c84fa94-04c1-424b-9868-57a2d4851a1d" />
    <TestEntry testId="9f1f1ae2-d2b6-115a-e0de-e08cc832815c" executionId="0802409b-ac5c-4379-b37d-4c59498e0bbf" testListId="8c84fa94-04c1-424b-9868-57a2d4851a1d" />
  </TestEntries>
  <Results>
    <UnitTestResult executionId="af1f894f-05a9-4630-8ba1-2cab42ea234e" testId="1d4125c7-c2a4-c3e0-e417-641788e06690" testName="BasketShouldGiveDiscountsGroupingBookSequences" computerName="MACBOOKVM" duration="00:00:00.0258749" startTime="2010-01-31T09:47:45.9648437-02:00" endTime="2010-01-31T09:47:46.6650390-02:00" testType="13cdc9d9-ddb5-4fa4-a97d-d965ccfc6d4b" outcome="Passed" testListId="8c84fa94-04c1-424b-9868-57a2d4851a1d" relativeResultsDirectory="af1f894f-05a9-4630-8ba1-2cab42ea234e">
    </UnitTestResult>
    <UnitTestResult executionId="5ae0c32f-15d6-4b6f-808a-96e6ca3163d4" testId="1f26d5bc-41a7-9a59-f7d2-062a29e879c8" testName="OneOrMoreFromTheSameItemShouldNotGetDiscount" computerName="MACBOOKVM" duration="00:00:00.0043763" startTime="2010-01-31T09:47:46.7158203-02:00" endTime="2010-01-31T09:47:46.7333984-02:00" testType="13cdc9d9-ddb5-4fa4-a97d-d965ccfc6d4b" outcome="Passed" testListId="8c84fa94-04c1-424b-9868-57a2d4851a1d" relativeResultsDirectory="5ae0c32f-15d6-4b6f-808a-96e6ca3163d4">
    </UnitTestResult>
    <UnitTestResult executionId="df424089-9380-4f03-933e-413040d026fb" testId="7d0a6d82-27a8-a788-c026-0a8e357f7594" testName="ThreeDifferentBooksShouldGiveTenPercentDiscount" computerName="MACBOOKVM" duration="00:00:00.0013183" startTime="2010-01-31T09:47:46.7441406-02:00" endTime="2010-01-31T09:47:46.7490234-02:00" testType="13cdc9d9-ddb5-4fa4-a97d-d965ccfc6d4b" outcome="Passed" testListId="8c84fa94-04c1-424b-9868-57a2d4851a1d" relativeResultsDirectory="df424089-9380-4f03-933e-413040d026fb">
    </UnitTestResult>
    <UnitTestResult executionId="7589e9e6-5fa9-4c1b-8dcd-95f458fed511" testId="7f0832ce-c3e3-bdb6-e07d-e44de48f4092" testName="FiveDifferentBooksShouldGiveTwentyFivePercentDiscount" computerName="MACBOOKVM" duration="00:00:00.0044095" startTime="2010-01-31T09:47:46.7597656-02:00" endTime="2010-01-31T09:47:46.7656250-02:00" testType="13cdc9d9-ddb5-4fa4-a97d-d965ccfc6d4b" outcome="Passed" testListId="8c84fa94-04c1-424b-9868-57a2d4851a1d" relativeResultsDirectory="7589e9e6-5fa9-4c1b-8dcd-95f458fed511">
    </UnitTestResult>
    <UnitTestResult executionId="5d45e935-8665-41ba-9ee3-d9d783d6019d" testId="81faae35-56dd-1bd8-ff44-a92ca9ad085e" testName="FourDifferentBooksShouldGiveTwentyPercentDiscount" computerName="MACBOOKVM" duration="00:00:00.0042801" startTime="2010-01-31T09:47:46.7724609-02:00" endTime="2010-01-31T09:47:46.7841797-02:00" testType="13cdc9d9-ddb5-4fa4-a97d-d965ccfc6d4b" outcome="Passed" testListId="8c84fa94-04c1-424b-9868-57a2d4851a1d" relativeResultsDirectory="5d45e935-8665-41ba-9ee3-d9d783d6019d">
    </UnitTestResult>
    <UnitTestResult executionId="0802409b-ac5c-4379-b37d-4c59498e0bbf" testId="9f1f1ae2-d2b6-115a-e0de-e08cc832815c" testName="TwoDifferentBooksShouldGiveFivePercentDiscount" computerName="MACBOOKVM" duration="00:00:00.0024110" startTime="2010-01-31T09:47:46.7949219-02:00" endTime="2010-01-31T09:47:46.7988281-02:00" testType="13cdc9d9-ddb5-4fa4-a97d-d965ccfc6d4b" outcome="Passed" testListId="8c84fa94-04c1-424b-9868-57a2d4851a1d" relativeResultsDirectory="0802409b-ac5c-4379-b37d-4c59498e0bbf">
    </UnitTestResult>
  </Results>
</TestRun>