<?xml version="1.0" encoding="UTF-8"?>
<TestRun id="70ada4a3-a56a-496e-b128-b0ad3a79a520" name="Rogério Augusto@MACBOOKVM 2010-01-31 09:16:47" runUser="MacBookVM\Rogério Augusto" xmlns="http://microsoft.com/schemas/VisualStudio/TeamTest/2010">
  <TestSettings name="Local" id="08443768-adce-4fa3-bb05-8648206f458b">
    <Description>These are default test settings for a local test run.</Description>
    <Deployment enabled="false" runDeploymentRoot="Rogério Augusto_MACBOOKVM 2010-01-31 09_16_47">
      <DeploymentItem filename="C:\Users\Rogério Augusto\Documents\Visual Studio 2010\Projects\Potter\Domain\bin\Debug\Domain.dll" />
    </Deployment>
    <Execution>
      <TestTypeSpecific />
      <AgentRule name="Execution Agents">
      </AgentRule>
    </Execution>
  </TestSettings>
  <Times creation="2010-01-31T09:16:47.7929687-02:00" queuing="2010-01-31T09:16:47.9199219-02:00" start="2010-01-31T09:16:48.4599609-02:00" finish="2010-01-31T09:16:49.6552734-02:00" />
  <ResultSummary outcome="Completed">
    <Counters total="1" executed="1" passed="1" error="0" failed="0" timeout="0" aborted="0" inconclusive="0" passedButRunAborted="0" notRunnable="0" notExecuted="0" disconnected="0" warning="0" completed="0" inProgress="0" pending="0" />
  </ResultSummary>
  <TestDefinitions>
    <UnitTest name="FiveDifferentBooksShouldGiveTwentyFivePercentDiscount" storage="c:\users\rogério augusto\documents\visual studio 2010\projects\potter\potterdomaintest\bin\debug\potterdomaintest.dll" id="7f0832ce-c3e3-bdb6-e07d-e44de48f4092">
      <Execution id="c6ae590c-474a-4896-9438-ecba8ec3a782" />
      <TestMethod codeBase="C:/Users/Rogério Augusto/documents/visual studio 2010/Projects/Potter/PotterDomainTest/bin/Debug/PotterDomainTest.DLL" adapterTypeName="Microsoft.VisualStudio.TestTools.TestTypes.Unit.UnitTestAdapter, Microsoft.VisualStudio.QualityTools.Tips.UnitTest.Adapter, Version=10.0.0.0, Culture=neutral, PublicKeyToken=b03f5f7f11d50a3a" className="PotterDomainTest.BasketDiscountsTest, PotterDomainTest, Version=1.0.0.0, Culture=neutral, PublicKeyToken=null" name="FiveDifferentBooksShouldGiveTwentyFivePercentDiscount" />
    </UnitTest>
  </TestDefinitions>
  <TestLists>
    <TestList name="Results Not in a List" id="8c84fa94-04c1-424b-9868-57a2d4851a1d" />
    <TestList name="All Loaded Results" id="19431567-8539-422a-85d7-44ee4e166bda" />
  </TestLists>
  <TestEntries>
    <TestEntry testId="7f0832ce-c3e3-bdb6-e07d-e44de48f4092" executionId="c6ae590c-474a-4896-9438-ecba8ec3a782" testListId="8c84fa94-04c1-424b-9868-57a2d4851a1d" />
  </TestEntries>
  <Results>
    <UnitTestResult executionId="c6ae590c-474a-4896-9438-ecba8ec3a782" testId="7f0832ce-c3e3-bdb6-e07d-e44de48f4092" testName="FiveDifferentBooksShouldGiveTwentyFivePercentDiscount" computerName="MACBOOKVM" duration="00:00:00.0738587" startTime="2010-01-31T09:16:48.6542969-02:00" endTime="2010-01-31T09:16:49.4375000-02:00" testType="13cdc9d9-ddb5-4fa4-a97d-d965ccfc6d4b" outcome="Passed" testListId="8c84fa94-04c1-424b-9868-57a2d4851a1d" relativeResultsDirectory="c6ae590c-474a-4896-9438-ecba8ec3a782">
    </UnitTestResult>
  </Results>
</TestRun>