<?xml version="1.0" encoding="UTF-8"?>
<TestRun id="b81a7fa5-15b7-4b01-8203-354221308069" name="Rogério Augusto@MACBOOKVM 2010-01-31 09:16:17" runUser="MacBookVM\Rogério Augusto" xmlns="http://microsoft.com/schemas/VisualStudio/TeamTest/2010">
  <TestSettings name="Local" id="08443768-adce-4fa3-bb05-8648206f458b">
    <Description>These are default test settings for a local test run.</Description>
    <Deployment enabled="false" runDeploymentRoot="Rogério Augusto_MACBOOKVM 2010-01-31 09_16_17">
      <DeploymentItem filename="C:\Users\Rogério Augusto\Documents\Visual Studio 2010\Projects\Potter\Domain\bin\Debug\Domain.dll" />
    </Deployment>
    <Execution>
      <TestTypeSpecific />
      <AgentRule name="Execution Agents">
      </AgentRule>
    </Execution>
  </TestSettings>
  <Times creation="2010-01-31T09:16:17.0517578-02:00" queuing="2010-01-31T09:16:18.2753906-02:00" start="2010-01-31T09:16:18.9062500-02:00" finish="2010-01-31T09:16:20.4658203-02:00" />
  <ResultSummary outcome="Failed">
    <Counters total="1" executed="1" error="0" failed="1" timeout="0" aborted="0" inconclusive="0" passedButRunAborted="0" notRunnable="0" notExecuted="0" disconnected="0" warning="0" passed="0" completed="0" inProgress="0" pending="0" />
  </ResultSummary>
  <TestDefinitions>
    <UnitTest name="FiveDifferentBooksShouldGiveTwentyFivePercentDiscount" storage="c:\users\rogério augusto\documents\visual studio 2010\projects\potter\potterdomaintest\bin\debug\potterdomaintest.dll" id="7f0832ce-c3e3-bdb6-e07d-e44de48f4092">
      <Execution id="582d91a9-7eb9-4d67-982c-b98e8f26eecd" />
      <TestMethod codeBase="C:/Users/Rogério Augusto/documents/visual studio 2010/Projects/Potter/PotterDomainTest/bin/Debug/PotterDomainTest.DLL" adapterTypeName="Microsoft.VisualStudio.TestTools.TestTypes.Unit.UnitTestAdapter, Microsoft.VisualStudio.QualityTools.Tips.UnitTest.Adapter, Version=10.0.0.0, Culture=neutral, PublicKeyToken=b03f5f7f11d50a3a" className="PotterDomainTest.BasketDiscountsTest, PotterDomainTest, Version=1.0.0.0, Culture=neutral, PublicKeyToken=null" name="FiveDifferentBooksShouldGiveTwentyFivePercentDiscount" />
    </UnitTest>
  </TestDefinitions>
  <TestLists>
    <TestList name="Results Not in a List" id="8c84fa94-04c1-424b-9868-57a2d4851a1d" />
    <TestList name="All Loaded Results" id="19431567-8539-422a-85d7-44ee4e166bda" />
  </TestLists>
  <TestEntries>
    <TestEntry testId="7f0832ce-c3e3-bdb6-e07d-e44de48f4092" executionId="582d91a9-7eb9-4d67-982c-b98e8f26eecd" testListId="8c84fa94-04c1-424b-9868-57a2d4851a1d" />
  </TestEntries>
  <Results>
    <UnitTestResult executionId="582d91a9-7eb9-4d67-982c-b98e8f26eecd" testId="7f0832ce-c3e3-bdb6-e07d-e44de48f4092" testName="FiveDifferentBooksShouldGiveTwentyFivePercentDiscount" computerName="MACBOOKVM" duration="00:00:00.3855716" startTime="2010-01-31T09:16:19.0800781-02:00" endTime="2010-01-31T09:16:20.1875000-02:00" testType="13cdc9d9-ddb5-4fa4-a97d-d965ccfc6d4b" outcome="Failed" testListId="8c84fa94-04c1-424b-9868-57a2d4851a1d" relativeResultsDirectory="582d91a9-7eb9-4d67-982c-b98e8f26eecd">
      <Output>
        <ErrorInfo>
          <Message>Assert.AreEqual failed. Expected:&lt;18,00&gt;. Actual:&lt;30,00&gt;. </Message>
          <StackTrace>   at PotterDomainTest.BasketDiscountsTest.FiveDifferentBooksShouldGiveTwentyFivePercentDiscount() in C:\Users\Rogério Augusto\documents\visual studio 2010\Projects\Potter\PotterDomainTest\Basket\BasketDiscountsTest.cs:line 63
</StackTrace>
        </ErrorInfo>
      </Output>
    </UnitTestResult>
  </Results>
</TestRun>