<?xml version="1.0" encoding="UTF-8"?>
<TestRun id="0ed5b1f7-3547-4a73-be97-44c946324881" name="Rogério Augusto@MACBOOKVM 2010-01-31 09:05:43" runUser="MacBookVM\Rogério Augusto" xmlns="http://microsoft.com/schemas/VisualStudio/TeamTest/2010">
  <TestSettings name="Local" id="08443768-adce-4fa3-bb05-8648206f458b">
    <Description>These are default test settings for a local test run.</Description>
    <Deployment enabled="false" runDeploymentRoot="Rogério Augusto_MACBOOKVM 2010-01-31 09_05_43">
      <DeploymentItem filename="C:\Users\Rogério Augusto\Documents\Visual Studio 2010\Projects\Potter\Domain\bin\Debug\Domain.dll" />
    </Deployment>
    <Execution>
      <TestTypeSpecific />
      <AgentRule name="Execution Agents">
      </AgentRule>
    </Execution>
  </TestSettings>
  <Times creation="2010-01-31T09:05:43.2939453-02:00" queuing="2010-01-31T09:05:56.4765625-02:00" start="2010-01-31T09:05:57.3652344-02:00" finish="2010-01-31T09:11:11.5976562-02:00" />
  <ResultSummary outcome="Error">
    <Counters total="1" executed="1" error="0" failed="0" timeout="0" aborted="1" inconclusive="0" passedButRunAborted="0" notRunnable="0" notExecuted="0" disconnected="0" warning="0" passed="0" completed="0" inProgress="0" pending="0" />
    <RunInfos>
      <RunInfo computerName="MACBOOKVM" outcome="Error" timestamp="2010-01-31T09:11:11.5595703-02:00">
        <Text>Test host process exited unexpectedly.</Text>
      </RunInfo>
    </RunInfos>
  </ResultSummary>
  <TestDefinitions>
    <UnitTest name="TwoDifferentBooksShouldGiveFivePercentDiscount" storage="c:\users\rogério augusto\documents\visual studio 2010\projects\potter\potterdomaintest\bin\debug\potterdomaintest.dll" id="9f1f1ae2-d2b6-115a-e0de-e08cc832815c">
      <Execution id="6d5c9a05-09a2-4ed1-b5b2-c98d81da2714" />
      <TestMethod codeBase="C:/Users/Rogério Augusto/documents/visual studio 2010/Projects/Potter/PotterDomainTest/bin/Debug/PotterDomainTest.DLL" adapterTypeName="Microsoft.VisualStudio.TestTools.TestTypes.Unit.UnitTestAdapter, Microsoft.VisualStudio.QualityTools.Tips.UnitTest.Adapter, Version=10.0.0.0, Culture=neutral, PublicKeyToken=b03f5f7f11d50a3a" className="PotterDomainTest.BasketDiscountsTest, PotterDomainTest, Version=1.0.0.0, Culture=neutral, PublicKeyToken=null" name="TwoDifferentBooksShouldGiveFivePercentDiscount" />
    </UnitTest>
  </TestDefinitions>
  <TestLists>
    <TestList name="Results Not in a List" id="8c84fa94-04c1-424b-9868-57a2d4851a1d" />
    <TestList name="All Loaded Results" id="19431567-8539-422a-85d7-44ee4e166bda" />
  </TestLists>
  <TestEntries>
    <TestEntry testId="9f1f1ae2-d2b6-115a-e0de-e08cc832815c" executionId="6d5c9a05-09a2-4ed1-b5b2-c98d81da2714" testListId="8c84fa94-04c1-424b-9868-57a2d4851a1d" />
  </TestEntries>
  <Results>
    <UnitTestResult executionId="6d5c9a05-09a2-4ed1-b5b2-c98d81da2714" testId="9f1f1ae2-d2b6-115a-e0de-e08cc832815c" testName="TwoDifferentBooksShouldGiveFivePercentDiscount" computerName="MACBOOKVM" duration="00:05:12.7753906" startTime="2010-01-31T09:05:58.8222656-02:00" endTime="2010-01-31T09:11:11.5976562-02:00" testType="13cdc9d9-ddb5-4fa4-a97d-d965ccfc6d4b" outcome="Aborted" testListId="8c84fa94-04c1-424b-9868-57a2d4851a1d" relativeResultsDirectory="6d5c9a05-09a2-4ed1-b5b2-c98d81da2714">
    </UnitTestResult>
  </Results>
</TestRun>