<?xml version="1.0" encoding="UTF-8"?>
<TestRun id="07046ec4-c386-4ed2-8762-81f0c94d9013" name="Rogério Augusto@MACBOOKVM 2010-01-31 09:13:24" runUser="MacBookVM\Rogério Augusto" xmlns="http://microsoft.com/schemas/VisualStudio/TeamTest/2010">
  <TestSettings name="Local" id="08443768-adce-4fa3-bb05-8648206f458b">
    <Description>These are default test settings for a local test run.</Description>
    <Deployment enabled="false" runDeploymentRoot="Rogério Augusto_MACBOOKVM 2010-01-31 09_13_24">
      <DeploymentItem filename="C:\Users\Rogério Augusto\Documents\Visual Studio 2010\Projects\Potter\Domain\bin\Debug\Domain.dll" />
    </Deployment>
    <Execution>
      <TestTypeSpecific />
      <AgentRule name="Execution Agents">
      </AgentRule>
    </Execution>
  </TestSettings>
  <Times creation="2010-01-31T09:13:24.7919922-02:00" queuing="2010-01-31T09:13:24.9404297-02:00" start="2010-01-31T09:13:25.4746094-02:00" finish="2010-01-31T09:13:27.1845703-02:00" />
  <ResultSummary outcome="Completed">
    <Counters total="1" executed="1" passed="1" error="0" failed="0" timeout="0" aborted="0" inconclusive="0" passedButRunAborted="0" notRunnable="0" notExecuted="0" disconnected="0" warning="0" completed="0" inProgress="0" pending="0" />
  </ResultSummary>
  <TestDefinitions>
    <UnitTest name="ThreeDifferentBooksShouldGiveTenPercentDiscount" storage="c:\users\rogério augusto\documents\visual studio 2010\projects\potter\potterdomaintest\bin\debug\potterdomaintest.dll" id="7d0a6d82-27a8-a788-c026-0a8e357f7594">
      <Execution id="1dde1e94-9b98-408b-8177-aa73dcb8fe1f" />
      <TestMethod codeBase="C:/Users/Rogério Augusto/documents/visual studio 2010/Projects/Potter/PotterDomainTest/bin/Debug/PotterDomainTest.DLL" adapterTypeName="Microsoft.VisualStudio.TestTools.TestTypes.Unit.UnitTestAdapter, Microsoft.VisualStudio.QualityTools.Tips.UnitTest.Adapter, Version=10.0.0.0, Culture=neutral, PublicKeyToken=b03f5f7f11d50a3a" className="PotterDomainTest.BasketDiscountsTest, PotterDomainTest, Version=1.0.0.0, Culture=neutral, PublicKeyToken=null" name="ThreeDifferentBooksShouldGiveTenPercentDiscount" />
    </UnitTest>
  </TestDefinitions>
  <TestLists>
    <TestList name="Results Not in a List" id="8c84fa94-04c1-424b-9868-57a2d4851a1d" />
    <TestList name="All Loaded Results" id="19431567-8539-422a-85d7-44ee4e166bda" />
  </TestLists>
  <TestEntries>
    <TestEntry testId="7d0a6d82-27a8-a788-c026-0a8e357f7594" executionId="1dde1e94-9b98-408b-8177-aa73dcb8fe1f" testListId="8c84fa94-04c1-424b-9868-57a2d4851a1d" />
  </TestEntries>
  <Results>
    <UnitTestResult executionId="1dde1e94-9b98-408b-8177-aa73dcb8fe1f" testId="7d0a6d82-27a8-a788-c026-0a8e357f7594" testName="ThreeDifferentBooksShouldGiveTenPercentDiscount" computerName="MACBOOKVM" duration="00:00:00.0302967" startTime="2010-01-31T09:13:25.7373047-02:00" endTime="2010-01-31T09:13:26.5849609-02:00" testType="13cdc9d9-ddb5-4fa4-a97d-d965ccfc6d4b" outcome="Passed" testListId="8c84fa94-04c1-424b-9868-57a2d4851a1d" relativeResultsDirectory="1dde1e94-9b98-408b-8177-aa73dcb8fe1f">
    </UnitTestResult>
  </Results>
</TestRun>