<?xml version="1.0" encoding="UTF-8"?>
<TestRun id="c5541564-6ccd-42b3-99a5-8bba282dbbeb" name="Rogério Augusto@MACBOOKVM 2010-01-31 09:35:49" runUser="MacBookVM\Rogério Augusto" xmlns="http://microsoft.com/schemas/VisualStudio/TeamTest/2010">
  <TestSettings name="Local" id="08443768-adce-4fa3-bb05-8648206f458b">
    <Description>These are default test settings for a local test run.</Description>
    <Deployment enabled="false" runDeploymentRoot="Rogério Augusto_MACBOOKVM 2010-01-31 09_35_49">
      <DeploymentItem filename="C:\Users\Rogério Augusto\Documents\Visual Studio 2010\Projects\Potter\Domain\bin\Debug\Domain.dll" />
    </Deployment>
    <Execution>
      <TestTypeSpecific />
      <AgentRule name="Execution Agents">
      </AgentRule>
    </Execution>
  </TestSettings>
  <Times creation="2010-01-31T09:35:49.6943359-02:00" queuing="2010-01-31T09:35:49.8222656-02:00" start="2010-01-31T09:35:50.3144531-02:00" finish="2010-01-31T09:35:51.6845703-02:00" />
  <ResultSummary outcome="Failed">
    <Counters total="1" executed="1" error="0" failed="1" timeout="0" aborted="0" inconclusive="0" passedButRunAborted="0" notRunnable="0" notExecuted="0" disconnected="0" warning="0" passed="0" completed="0" inProgress="0" pending="0" />
  </ResultSummary>
  <TestDefinitions>
    <UnitTest name="BasketShouldGiveDiscountsGroupingBookSequences" storage="c:\users\rogério augusto\documents\visual studio 2010\projects\potter\potterdomaintest\bin\debug\potterdomaintest.dll" id="1d4125c7-c2a4-c3e0-e417-641788e06690">
      <Execution id="2b4585f4-9a97-4fc7-9638-9efd2f91da18" />
      <TestMethod codeBase="C:/Users/Rogério Augusto/documents/visual studio 2010/Projects/Potter/PotterDomainTest/bin/Debug/PotterDomainTest.DLL" adapterTypeName="Microsoft.VisualStudio.TestTools.TestTypes.Unit.UnitTestAdapter, Microsoft.VisualStudio.QualityTools.Tips.UnitTest.Adapter, Version=10.0.0.0, Culture=neutral, PublicKeyToken=b03f5f7f11d50a3a" className="PotterDomainTest.BasketDiscountsTest, PotterDomainTest, Version=1.0.0.0, Culture=neutral, PublicKeyToken=null" name="BasketShouldGiveDiscountsGroupingBookSequences" />
    </UnitTest>
  </TestDefinitions>
  <TestLists>
    <TestList name="Results Not in a List" id="8c84fa94-04c1-424b-9868-57a2d4851a1d" />
    <TestList name="All Loaded Results" id="19431567-8539-422a-85d7-44ee4e166bda" />
  </TestLists>
  <TestEntries>
    <TestEntry testId="1d4125c7-c2a4-c3e0-e417-641788e06690" executionId="2b4585f4-9a97-4fc7-9638-9efd2f91da18" testListId="8c84fa94-04c1-424b-9868-57a2d4851a1d" />
  </TestEntries>
  <Results>
    <UnitTestResult executionId="2b4585f4-9a97-4fc7-9638-9efd2f91da18" testId="1d4125c7-c2a4-c3e0-e417-641788e06690" testName="BasketShouldGiveDiscountsGroupingBookSequences" computerName="MACBOOKVM" duration="00:00:00.1453221" startTime="2010-01-31T09:35:50.5761719-02:00" endTime="2010-01-31T09:35:51.4335937-02:00" testType="13cdc9d9-ddb5-4fa4-a97d-d965ccfc6d4b" outcome="Failed" testListId="8c84fa94-04c1-424b-9868-57a2d4851a1d" relativeResultsDirectory="2b4585f4-9a97-4fc7-9638-9efd2f91da18">
      <Output>
        <ErrorInfo>
          <Message>Assert.AreEqual failed. Expected:&lt;40,8 (System.Double)&gt;. Actual:&lt;40,80 (System.Decimal)&gt;. </Message>
          <StackTrace>   at PotterDomainTest.BasketDiscountsTest.BasketShouldGiveDiscountsGroupingBookSequences() in C:\Users\Rogério Augusto\documents\visual studio 2010\Projects\Potter\PotterDomainTest\Basket\BasketDiscountsTest.cs:line 80
</StackTrace>
        </ErrorInfo>
      </Output>
    </UnitTestResult>
  </Results>
</TestRun>